-------------------------------------------------------------------------------
Test set: com.jpmc.midascore.TaskFiveTests
-------------------------------------------------------------------------------
Tests run: 1, Failures: 0, Errors: 1, Skipped: 0, Time elapsed: 31.00 s <<< FAILURE! -- in com.jpmc.midascore.TaskFiveTests
com.jpmc.midascore.TaskFiveTests.task_five_verifier -- Time elapsed: 6.609 s <<< ERROR!
org.apache.kafka.common.errors.SerializationException: Can't convert value of class com.jpmc.midascore.foundation.Transaction to class org.apache.kafka.common.serialization.StringSerializer specified in value.serializer
	at org.apache.kafka.clients.producer.KafkaProducer.doSend(KafkaProducer.java:1003)
	at org.apache.kafka.clients.producer.KafkaProducer.send(KafkaProducer.java:947)
	at org.springframework.kafka.core.DefaultKafkaProducerFactory$CloseSafeProducer.send(DefaultKafkaProducerFactory.java:1050)
	at org.springframework.kafka.core.KafkaTemplate.doSend(KafkaTemplate.java:804)
	at org.springframework.kafka.core.KafkaTemplate.observeSend(KafkaTemplate.java:773)
	at org.springframework.kafka.core.KafkaTemplate.send(KafkaTemplate.java:551)
	at com.jpmc.midascore.KafkaProducer.send(KafkaProducer.java:20)
	at com.jpmc.midascore.TaskFiveTests.task_five_verifier(TaskFiveTests.java:36)
	at java.base/java.lang.reflect.Method.invoke(Method.java:568)
	at java.base/java.util.ArrayList.forEach(ArrayList.java:1511)
	at java.base/java.util.ArrayList.forEach(ArrayList.java:1511)
Caused by: java.lang.ClassCastException: class com.jpmc.midascore.foundation.Transaction cannot be cast to class java.lang.String (com.jpmc.midascore.foundation.Transaction is in unnamed module of loader 'app'; java.lang.String is in module java.base of loader 'bootstrap')
	at org.apache.kafka.common.serialization.StringSerializer.serialize(StringSerializer.java:29)
	at org.apache.kafka.common.serialization.Serializer.serialize(Serializer.java:62)
	at org.apache.kafka.clients.producer.KafkaProducer.doSend(KafkaProducer.java:1000)
	... 10 more

