<?xml version="1.0" encoding="UTF-8"?>
<testsuite xmlns:xsi="http://www.w3.org/2001/XMLSchema-instance" xsi:noNamespaceSchemaLocation="https://maven.apache.org/surefire/maven-surefire-plugin/xsd/surefire-test-report-3.0.xsd" version="3.0" name="com.jpmc.midascore.TaskOneTests" time="13.36" tests="1" errors="0" skipped="0" failures="0">
  <properties>
[...]
</properties>
  <testcase name="task_one_verifier" classname="com.jpmc.midascore.TaskOneTests" time="2.083">
    <system-out><![CDATA[2026-02-24T23:27:32.719Z  INFO 59394 --- [           main] t.c.s.AnnotationConfigContextLoaderUtils : Could not detect default configuration classes for test class [com.jpmc.midascore.TaskOneTests]: TaskOneTests does not declare any static, non-private, non-final, nested classes annotated with @Configuration.
2026-02-24T23:27:32.783Z  INFO 59394 --- [           main] .b.t.c.SpringBootTestContextBootstrapper : Found @SpringBootConfiguration com.jpmc.midascore.MidasCoreApplication for test class com.jpmc.midascore.TaskOneTests

  .   ____          _            __ _ _
 /\\ / ___'_ __ _ _(_)_ __  __ _ \ \ \ \
( ( )\___ | '_ | '_| | '_ \/ _` | \ \ \ \
 \\/  ___)| |_)| | | | | || (_| |  ) ) ) )
  '  |____| .__|_| |_|_| |_\__, | / / / /
 =========|_|==============|___/=/_/_/_/
 :: Spring Boot ::                (v3.2.5)

2026-02-24T23:27:33.841Z  INFO 59394 --- [           main] com.jpmc.midascore.TaskOneTests          : Starting TaskOneTests using Java 17.0.2 with PID 59394 (started by idreesh in /Users/idreesh/Documents/untitled folder/forage-midas)
2026-02-24T23:27:33.883Z  INFO 59394 --- [           main] com.jpmc.midascore.TaskOneTests          : No active profile set, falling back to 1 default profile: "default"
2026-02-24T23:27:37.930Z  INFO 59394 --- [           main] .s.d.r.c.RepositoryConfigurationDelegate : Bootstrapping Spring Data JPA repositories in DEFAULT mode.
2026-02-24T23:27:38.272Z  INFO 59394 --- [           main] .s.d.r.c.RepositoryConfigurationDelegate : Finished Spring Data repository scanning in 295 ms. Found 1 JPA repository interface.
2026-02-24T23:27:40.414Z  INFO 59394 --- [           main] com.zaxxer.hikari.HikariDataSource       : HikariPool-2 - Starting...
2026-02-24T23:27:40.487Z  INFO 59394 --- [           main] com.zaxxer.hikari.pool.HikariPool        : HikariPool-2 - Added connection conn10: url=jdbc:h2:mem:36767073-5687-4640-ae1d-ec00bf05db02 user=SA
2026-02-24T23:27:40.494Z  INFO 59394 --- [           main] com.zaxxer.hikari.HikariDataSource       : HikariPool-2 - Start completed.
2026-02-24T23:27:40.501Z  INFO 59394 --- [           main] o.hibernate.jpa.internal.util.LogHelper  : HHH000204: Processing PersistenceUnitInfo [name: default]
2026-02-24T23:27:40.555Z  INFO 59394 --- [           main] o.h.c.internal.RegionFactoryInitiator    : HHH000026: Second-level cache disabled
2026-02-24T23:27:40.646Z  INFO 59394 --- [           main] o.s.o.j.p.SpringPersistenceUnitInfo      : No LoadTimeWeaver setup: ignoring JPA class transformer
2026-02-24T23:27:41.161Z  INFO 59394 --- [           main] o.h.e.t.j.p.i.JtaPlatformInitiator       : HHH000489: No JTA platform available (set 'hibernate.transaction.jta.platform' to enable JTA platform integration)
2026-02-24T23:27:41.189Z  INFO 59394 --- [           main] j.LocalContainerEntityManagerFactoryBean : Initialized JPA EntityManagerFactory for persistence unit 'default'
2026-02-24T23:27:42.926Z  WARN 59394 --- [           main] JpaBaseConfiguration$JpaWebConfiguration : spring.jpa.open-in-view is enabled by default. Therefore, database queries may be performed during view rendering. Explicitly configure spring.jpa.open-in-view to disable this warning
2026-02-24T23:27:43.666Z  INFO 59394 --- [           main] com.jpmc.midascore.TaskOneTests          : Started TaskOneTests in 10.635 seconds (process running for 45.32)
2026-02-24T23:27:45.838Z  INFO 59394 --- [           main] com.jpmc.midascore.TaskOneTests          : ----------------------------------------------------------
2026-02-24T23:27:45.849Z  INFO 59394 --- [           main] com.jpmc.midascore.TaskOneTests          : ----------------------------------------------------------
2026-02-24T23:27:45.849Z  INFO 59394 --- [           main] com.jpmc.midascore.TaskOneTests          : ----------------------------------------------------------
2026-02-24T23:27:45.849Z  INFO 59394 --- [           main] com.jpmc.midascore.TaskOneTests          : Congrats! It looks like your application booted without issue
2026-02-24T23:27:45.849Z  INFO 59394 --- [           main] com.jpmc.midascore.TaskOneTests          : submit the following output to complete the task (include begin and end output denotations)
2026-02-24T23:27:45.854Z  INFO 59394 --- [           main] com.jpmc.midascore.TaskOneTests          : 
---begin output ---
1142725631254665682354316777216387420489
---end output ---
]]></system-out>
  </testcase>
</testsuite>